0 info it worked if it ends with ok
1 verbose cli [ 'B:\\node_js\\node.exe',
1 verbose cli   'B:\\node_js\\node_modules\\npm\\bin\\npm-cli.js',
1 verbose cli   'start' ]
2 info using npm@3.10.10
3 info using node@v6.9.4
4 verbose run-script [ 'prestart', 'start', 'poststart' ]
5 info lifecycle b@0.0.0~prestart: b@0.0.0
6 silly lifecycle b@0.0.0~prestart: no script for prestart, continuing
7 info lifecycle b@0.0.0~start: b@0.0.0
8 verbose lifecycle b@0.0.0~start: unsafe-perm in lifecycle true
9 verbose lifecycle b@0.0.0~start: PATH: B:\node_js\node_modules\npm\bin\node-gyp-bin;C:\Users\Yu\Desktop\something interesting\EAMS\EAMS\node_modules\.bin;C:\Program Files (x86)\Common Files\NetSarang;C:\Program Files (x86)\NVIDIA Corporation\PhysX\Common;C:\Program Files (x86)\Intel\iCLS Client\;C:\Program Files\Intel\iCLS Client\;C:\WINDOWS\system32;C:\WINDOWS;C:\WINDOWS\System32\Wbem;C:\WINDOWS\System32\WindowsPowerShell\v1.0\;C:\Program Files\Intel\Intel(R) Management Engine Components\DAL;C:\Program Files\Intel\Intel(R) Management Engine Components\IPT;C:\Program Files (x86)\Intel\Intel(R) Management Engine Components\DAL;C:\Program Files (x86)\Intel\Intel(R) Management Engine Components\IPT;C:\Program Files\Intel\WiFi\bin\;C:\Program Files\Common Files\Intel\WirelessCommon\;C:\Program Files (x86)\Common Files\lenovo\easyplussdk\bin;C:\ProgramData\Lenovo\ReadyApps;C:\Program Files (x86)\MySQL\MySQL Fabric 1.5.2 & MySQL Utilities 1.5.2 1.5\;C:\Program Files (x86)\MySQL\MySQL Fabric 1.5.2 & MySQL Utilities 1.5.2 1.5\Doctrine extensions for PHP\;B:\java\jdk1.7.0_75\bin;A:\matlab\runtime\win64;A:\matlab\bin;A:\matlab\polyspace\bin;B:\java库\aspectj1.8\bin;;\Program Files\Microsoft\Web Platform Installer\;C:\Program Files (x86)\Microsoft ASP.NET\ASP.NET Web Pages\v1.0\;C:\Program Files (x86)\Windows Kits\8.0\Windows Performance Toolkit\;C:\Program Files\Microsoft SQL Server\110\Tools\Binn\;B:\Python27;B:\MinGW\bin;C:\Program Files\MySQL\MySQL Server 5.6\bin;B:\apache-maven\bin;F:\odps-cli-java\odps\bin;F:\TortoiseSVN\bin;B:\Scala\bin;B:\proto;B:\Python27\Lib\site-packages\Django-1.8.2-py2.7.egg\django\bin;B:\node_js\;C:\Program Files\Git\cmd;C:\Users\Yu\AppData\Local\Microsoft\WindowsApps;B:\Scala\bin;C:\Users\Yu\AppData\Roaming\npm;C:\Program Files\Docker Toolbox
10 verbose lifecycle b@0.0.0~start: CWD: C:\Users\Yu\Desktop\something interesting\EAMS\EAMS
11 silly lifecycle b@0.0.0~start: Args: [ '/d /s /c', 'node ./bin/www' ]
12 silly lifecycle b@0.0.0~start: Returned: code: 3221225786  signal: null
13 info lifecycle b@0.0.0~start: Failed to exec start script
14 verbose stack Error: b@0.0.0 start: `node ./bin/www`
14 verbose stack Exit status 3221225786
14 verbose stack     at EventEmitter.<anonymous> (B:\node_js\node_modules\npm\lib\utils\lifecycle.js:255:16)
14 verbose stack     at emitTwo (events.js:106:13)
14 verbose stack     at EventEmitter.emit (events.js:191:7)
14 verbose stack     at ChildProcess.<anonymous> (B:\node_js\node_modules\npm\lib\utils\spawn.js:40:14)
14 verbose stack     at emitTwo (events.js:106:13)
14 verbose stack     at ChildProcess.emit (events.js:191:7)
14 verbose stack     at maybeClose (internal/child_process.js:877:16)
14 verbose stack     at Process.ChildProcess._handle.onexit (internal/child_process.js:226:5)
15 verbose pkgid b@0.0.0
16 verbose cwd C:\Users\Yu\Desktop\something interesting\EAMS\EAMS
17 error Windows_NT 10.0.14393
18 error argv "B:\\node_js\\node.exe" "B:\\node_js\\node_modules\\npm\\bin\\npm-cli.js" "start"
19 error node v6.9.4
20 error npm  v3.10.10
21 error code ELIFECYCLE
22 error b@0.0.0 start: `node ./bin/www`
22 error Exit status 3221225786
23 error Failed at the b@0.0.0 start script 'node ./bin/www'.
23 error Make sure you have the latest version of node.js and npm installed.
23 error If you do, this is most likely a problem with the b package,
23 error not with npm itself.
23 error Tell the author that this fails on your system:
23 error     node ./bin/www
23 error You can get information on how to open an issue for this project with:
23 error     npm bugs b
23 error Or if that isn't available, you can get their info via:
23 error     npm owner ls b
23 error There is likely additional logging output above.
24 verbose exit [ 1, true ]
